<?xml version="1.0" encoding="UTF-8"?>
<!-- Generated by org.testng.reporters.JUnitXMLReporter -->
<testsuite ignored="0" hostname="APL-5CD5031LY7" failures="0" tests="3" name="Basic Tests" time="0.134" errors="0" timestamp="2025-08-25T10:33:14 IST">
  <testcase classname="com.example.demo.utils.StandaloneTest" name="testAddition" time="0.002"/>
  <testcase classname="com.example.demo.utils.StandaloneTest" name="testMultiplication" time="0.0"/>
  <testcase classname="com.example.demo.utils.StandaloneTest" name="testSubtraction" time="0.0"/>
</testsuite> <!-- Basic Tests -->
