<?xml version="1.0" encoding="UTF-8"?>
<!-- Generated by org.testng.reporters.JUnitXMLReporter -->
<testsuite ignored="0" hostname="APL-5CD5031LY7" failures="0" tests="2" name="Balance API Tests" time="11.245" errors="0" timestamp="2025-08-25T10:29:11 IST">
  <testcase classname="com.example.demo.api.BalanceApiTest" name="testGetBalance" time="3.405"/>
  <testcase classname="com.example.demo.api.BalanceApiTest" name="testGetBalanceWithInvalidAccount" time="0.05"/>
</testsuite> <!-- Balance API Tests -->
