<?xml version="1.0" encoding="UTF-8"?>
<!-- Generated by org.testng.reporters.JUnitXMLReporter -->
<testsuite ignored="0" hostname="APL-5CD5031LY7" failures="0" tests="3" name="Simple Tests" time="0.129" errors="0" timestamp="2025-08-25T10:29:00 IST">
  <testcase classname="com.example.demo.utils.SimpleTest" name="testSimpleAddition" time="0.02"/>
  <testcase classname="com.example.demo.utils.SimpleTest" name="testSimpleString" time="0.001"/>
  <testcase classname="com.example.demo.utils.BasicTest" name="testBasic" time="0.002"/>
</testsuite> <!-- Simple Tests -->
